GET localhost:7777/ 
Sat Jan 16 2021 13:13:24 GMT+0100 (hora est치ndar de Europa central)
 
GET localhost:7777/ 
Sat Jan 16 2021 13:13:36 GMT+0100 (hora est치ndar de Europa central)
 
GET localhost:7777/ 
Sat Jan 16 2021 13:13:57 GMT+0100 (hora est치ndar de Europa central)
 
GET localhost:7777/ 
Sat Jan 16 2021 13:15:25 GMT+0100 (hora est치ndar de Europa central)
 
GET localhost:7777/ 
13
 
GET localhost:7777/ 
13:31:52 
 
GET localhost:7777/favicon.ico 
13:31:52 
 
GET localhost:7777/ 
13:32:9 
 
GET localhost:7777/ 
13:32:14 
 
GET localhost:7777/ 
13:32:19 
 
13:33:58|GET localhost:7777/ 
13:34:0|GET localhost:7777/ 
13:34:27|GET|localhost:7777/ 
13:34:38|GET|localhost:7777/asdsd